<?xml version="1.0" encoding="UTF-8"?>
<!-- Generated by org.testng.reporters.JUnitXMLReporter -->
<testsuite ignored="4" hostname="DESKTOP-4M1L9MT" failures="0" tests="5" name="AutomationTests" time="120.096" errors="0" timestamp="2025-07-14T21:22:16 IST">
  <testcase classname="testcases.LoginTest" name="loginWithExcel" time="5.83"/>
  <testcase classname="testcases.LoginTest" name="loginWithExcel" time="7.812"/>
  <testcase classname="testcases.LoginTest" name="loginWithExcel" time="10.112"/>
  <testcase classname="testcases.DashboardTest" name="verifyDashboardElements" time="10.488"/>
  <testcase classname="testcases.FormTest" name="testFormSubmission" time="66.88"/>
  <testcase classname="base.BaseClass" name="@BeforeSuite setupReport" time="0.0">
    <ignored/>
  </testcase> <!-- @BeforeSuite setupReport -->
  <testcase classname="base.BaseClass" name="@AfterSuite flushReport" time="0.0">
    <ignored/>
  </testcase> <!-- @AfterSuite flushReport -->
  <testcase classname="base.BaseClass" name="@BeforeSuite setupReport" time="0.0">
    <ignored/>
  </testcase> <!-- @BeforeSuite setupReport -->
  <testcase classname="base.BaseClass" name="@AfterSuite flushReport" time="0.0">
    <ignored/>
  </testcase> <!-- @AfterSuite flushReport -->
</testsuite> <!-- AutomationTests -->
